Using pre-set license
Built from '2020.3/release' branch; Version is '2020.3.7f1 (dd97f2c94397) revision 14522354'; Using compiler version '192528614'; Build Type 'Release'
OS: 'Windows 10 Home; OS build 19042.1526; Version 2009; 64bit' Language: 'en' Physical Memory: 32721 MB
BatchMode: 1, IsHumanControllingUs: 0, StartBugReporterOnCrash: 0, Is64bit: 1, IsPro: 0

 COMMAND LINE ARGUMENTS:
D:\Unity\2020.3.7f1\Editor\Unity.exe
-adb2
-batchMode
-noUpm
-name
AssetImportWorker1
-projectPath
C:/Users/Gino/Desktop/archivos random/TP Recuperatorio Motores Graficos 2/Gino Piccolo TP Recuperatorio
-logFile
Logs/AssetImportWorker1.log
-srvPort
51930
Successfully changed project path to: C:/Users/Gino/Desktop/archivos random/TP Recuperatorio Motores Graficos 2/Gino Piccolo TP Recuperatorio
C:/Users/Gino/Desktop/archivos random/TP Recuperatorio Motores Graficos 2/Gino Piccolo TP Recuperatorio
Using Asset Import Pipeline V2.
Refreshing native plugins compatible for Editor in 37.78 ms, found 1 plugins.
Preloading 0 native plugins for Editor in 0.00 ms.
Initialize engine version: 2020.3.7f1 (dd97f2c94397)
[Subsystems] Discovering subsystems at path D:/Unity/2020.3.7f1/Editor/Data/Resources/UnitySubsystems
[Subsystems] Discovering subsystems at path C:/Users/Gino/Desktop/archivos random/TP Recuperatorio Motores Graficos 2/Gino Piccolo TP Recuperatorio/Assets
GfxDevice: creating device client; threaded=0
Direct3D:
    Version:  Direct3D 11.0 [level 11.1]
    Renderer: NVIDIA GeForce GTX 1070 (ID=0x1b81)
    Vendor:   
    VRAM:     8088 MB
    Driver:   30.0.15.1123
Initialize mono
Mono path[0] = 'D:/Unity/2020.3.7f1/Editor/Data/Managed'
Mono path[1] = 'D:/Unity/2020.3.7f1/Editor/Data/MonoBleedingEdge/lib/mono/unityjit'
Mono config path = 'D:/Unity/2020.3.7f1/Editor/Data/MonoBleedingEdge/etc'
Using monoOptions --debugger-agent=transport=dt_socket,embedding=1,server=y,suspend=n,address=127.0.0.1:56860
Begin MonoManager ReloadAssembly
Registering precompiled unity dll's ...
Register platform support module: D:/Unity/2020.3.7f1/Editor/Data/PlaybackEngines/WindowsStandaloneSupport/UnityEditor.WindowsStandalone.Extensions.dll
Registered in 0.001081 seconds.
Native extension for WindowsStandalone target not found
Refreshing native plugins compatible for Editor in 39.38 ms, found 1 plugins.
Preloading 0 native plugins for Editor in 0.00 ms.
Mono: successfully reloaded assembly
- Completed reload, in  6.092 seconds
Platform modules already initialized, skipping
Registering precompiled user dll's ...
Registered in 0.001337 seconds.
Begin MonoManager ReloadAssembly
Native extension for WindowsStandalone target not found
Refreshing native plugins compatible for Editor in 42.33 ms, found 1 plugins.
Preloading 0 native plugins for Editor in 0.00 ms.
Mono: successfully reloaded assembly
- Completed reload, in  1.087 seconds
Platform modules already initialized, skipping
========================================================================
Worker process is ready to serve import requests
Launched and connected shader compiler UnityShaderCompiler.exe after 0.06 seconds
Refreshing native plugins compatible for Editor in 0.42 ms, found 1 plugins.
Preloading 0 native plugins for Editor in 0.00 ms.
Unloading 1821 Unused Serialized files (Serialized files now loaded: 0)
System memory in use before: 86.0 MB.
System memory in use after: 86.0 MB.

Unloading 23 unused Assets to reduce memory usage. Loaded Objects now: 2266.
Total: 2.865000 ms (FindLiveObjects: 0.317900 ms CreateObjectMapping: 0.140100 ms MarkObjects: 2.279900 ms  DeleteObjects: 0.125400 ms)

========================================================================
Received Import Request.
  path: Assets/Scenes/Victory.unity
  artifactKey: Guid(28e56dd247b07524a83782073dfe6fe4) Importer(815301076,1909f56bfc062723c751e8b465ee728b)
Start importing Assets/Scenes/Victory.unity using Guid(28e56dd247b07524a83782073dfe6fe4) Importer(815301076,1909f56bfc062723c751e8b465ee728b)  -> (artifact id: '7af927d94e7f375ad6ed6b12ef87fe6a') in 0.016642 seconds
  Import took 0.020803 seconds .

========================================================================
Received Import Request.
  Time since last request: 4.295239 seconds.
  path: Assets/Scenes/Fin.unity
  artifactKey: Guid(2c32aa567f006c446ae6f25c1b79cb09) Importer(815301076,1909f56bfc062723c751e8b465ee728b)
Start importing Assets/Scenes/Fin.unity using Guid(2c32aa567f006c446ae6f25c1b79cb09) Importer(815301076,1909f56bfc062723c751e8b465ee728b)  -> (artifact id: 'fca733974c1ae39130cd4886733f8c62') in 0.006024 seconds
  Import took 0.008856 seconds .

========================================================================
Received Prepare
Refreshing native plugins compatible for Editor in 1.86 ms, found 1 plugins.
Preloading 0 native plugins for Editor in 0.00 ms.
Unloading 9 Unused Serialized files (Serialized files now loaded: 0)
System memory in use before: 49.3 MB.
System memory in use after: 49.3 MB.

Unloading 9 unused Assets to reduce memory usage. Loaded Objects now: 2266.
Total: 2.310000 ms (FindLiveObjects: 0.169900 ms CreateObjectMapping: 0.071000 ms MarkObjects: 1.986300 ms  DeleteObjects: 0.081500 ms)

========================================================================
Received Prepare
Registering precompiled user dll's ...
Registered in 0.001056 seconds.
Begin MonoManager ReloadAssembly
Native extension for WindowsStandalone target not found
Refreshing native plugins compatible for Editor in 0.33 ms, found 1 plugins.
Preloading 0 native plugins for Editor in 0.00 ms.
Mono: successfully reloaded assembly
- Completed reload, in  0.930 seconds
Platform modules already initialized, skipping
Refreshing native plugins compatible for Editor in 0.34 ms, found 1 plugins.
Preloading 0 native plugins for Editor in 0.00 ms.
Unloading 1815 Unused Serialized files (Serialized files now loaded: 0)
System memory in use before: 85.9 MB.
System memory in use after: 85.9 MB.

Unloading 11 unused Assets to reduce memory usage. Loaded Objects now: 2270.
Total: 2.345900 ms (FindLiveObjects: 0.329800 ms CreateObjectMapping: 0.072100 ms MarkObjects: 1.851800 ms  DeleteObjects: 0.090400 ms)

AssetImportWorkerClient::OnTransportError - code=2 error=End of file
