Using pre-set license
Built from '2020.3/release' branch; Version is '2020.3.7f1 (dd97f2c94397) revision 14522354'; Using compiler version '192528614'; Build Type 'Release'
OS: 'Windows 10 Home; OS build 19042.1110; Version 2009; 64bit' Language: 'en' Physical Memory: 32721 MB
BatchMode: 1, IsHumanControllingUs: 0, StartBugReporterOnCrash: 0, Is64bit: 1, IsPro: 0

 COMMAND LINE ARGUMENTS:
D:\Unity\2020.3.7f1\Editor\Unity.exe
-adb2
-batchMode
-noUpm
-name
AssetImportWorker0
-projectPath
C:/Users/Gino/Desktop/TP Recuperatorio Motores Graficos 2/Gino Piccolo TP Recuperatorio
-logFile
Logs/AssetImportWorker0.log
-srvPort
51617
Successfully changed project path to: C:/Users/Gino/Desktop/TP Recuperatorio Motores Graficos 2/Gino Piccolo TP Recuperatorio
C:/Users/Gino/Desktop/TP Recuperatorio Motores Graficos 2/Gino Piccolo TP Recuperatorio
Using Asset Import Pipeline V2.
Refreshing native plugins compatible for Editor in 75.18 ms, found 1 plugins.
Preloading 0 native plugins for Editor in 0.00 ms.
Initialize engine version: 2020.3.7f1 (dd97f2c94397)
[Subsystems] Discovering subsystems at path D:/Unity/2020.3.7f1/Editor/Data/Resources/UnitySubsystems
[Subsystems] Discovering subsystems at path C:/Users/Gino/Desktop/TP Recuperatorio Motores Graficos 2/Gino Piccolo TP Recuperatorio/Assets
GfxDevice: creating device client; threaded=0
Direct3D:
    Version:  Direct3D 11.0 [level 11.1]
    Renderer: NVIDIA GeForce GTX 1070 (ID=0x1b81)
    Vendor:   
    VRAM:     8088 MB
    Driver:   30.0.14.7141
Initialize mono
Mono path[0] = 'D:/Unity/2020.3.7f1/Editor/Data/Managed'
Mono path[1] = 'D:/Unity/2020.3.7f1/Editor/Data/MonoBleedingEdge/lib/mono/unityjit'
Mono config path = 'D:/Unity/2020.3.7f1/Editor/Data/MonoBleedingEdge/etc'
Using monoOptions --debugger-agent=transport=dt_socket,embedding=1,server=y,suspend=n,address=127.0.0.1:56680
Begin MonoManager ReloadAssembly
Registering precompiled unity dll's ...
Register platform support module: D:/Unity/2020.3.7f1/Editor/Data/PlaybackEngines/WindowsStandaloneSupport/UnityEditor.WindowsStandalone.Extensions.dll
Registered in 0.001133 seconds.
Native extension for WindowsStandalone target not found
Refreshing native plugins compatible for Editor in 39.88 ms, found 1 plugins.
Preloading 0 native plugins for Editor in 0.00 ms.
Mono: successfully reloaded assembly
- Completed reload, in  1.818 seconds
Platform modules already initialized, skipping
Registering precompiled user dll's ...
Registered in 0.001234 seconds.
Begin MonoManager ReloadAssembly
Native extension for WindowsStandalone target not found
Refreshing native plugins compatible for Editor in 36.79 ms, found 1 plugins.
Preloading 0 native plugins for Editor in 0.00 ms.
Mono: successfully reloaded assembly
- Completed reload, in  1.015 seconds
Platform modules already initialized, skipping
========================================================================
Worker process is ready to serve import requests
Launched and connected shader compiler UnityShaderCompiler.exe after 0.08 seconds
Refreshing native plugins compatible for Editor in 0.36 ms, found 1 plugins.
Preloading 0 native plugins for Editor in 0.00 ms.
Unloading 1816 Unused Serialized files (Serialized files now loaded: 0)
System memory in use before: 85.9 MB.
System memory in use after: 85.9 MB.

Unloading 23 unused Assets to reduce memory usage. Loaded Objects now: 2261.
Total: 3.263000 ms (FindLiveObjects: 0.339700 ms CreateObjectMapping: 0.114700 ms MarkObjects: 2.647100 ms  DeleteObjects: 0.160500 ms)

========================================================================
Received Import Request.
  path: Assets/Scripts/CameraMovement.cs
  artifactKey: Guid(bbab76cb2f053244985b7deeb83bf733) Importer(815301076,1909f56bfc062723c751e8b465ee728b)
Start importing Assets/Scripts/CameraMovement.cs using Guid(bbab76cb2f053244985b7deeb83bf733) Importer(815301076,1909f56bfc062723c751e8b465ee728b)  -> (artifact id: '5ef931125f2b6f0eddd63378d63d8252') in 0.073433 seconds
  Import took 0.079721 seconds .

========================================================================
Received Prepare
Refreshing native plugins compatible for Editor in 2.81 ms, found 1 plugins.
Preloading 0 native plugins for Editor in 0.00 ms.
Unloading 9 Unused Serialized files (Serialized files now loaded: 0)
System memory in use before: 49.3 MB.
System memory in use after: 49.3 MB.

Unloading 9 unused Assets to reduce memory usage. Loaded Objects now: 2261.
Total: 2.008800 ms (FindLiveObjects: 0.177400 ms CreateObjectMapping: 0.073900 ms MarkObjects: 1.672900 ms  DeleteObjects: 0.083500 ms)

========================================================================
Received Import Request.
  Time since last request: 78.799844 seconds.
  path: Assets/MainLevel.unity
  artifactKey: Guid(4c861d11757747840b2bf84835870030) Importer(815301076,1909f56bfc062723c751e8b465ee728b)
Start importing Assets/MainLevel.unity using Guid(4c861d11757747840b2bf84835870030) Importer(815301076,1909f56bfc062723c751e8b465ee728b)  -> (artifact id: '6f8265e36684732012815197ea155ff7') in 0.018676 seconds
  Import took 0.022752 seconds .

========================================================================
Received Import Request.
  Time since last request: 0.351447 seconds.
  path: Assets/Recuperatorio Gino Piccolo.unity
  artifactKey: Guid(53abe2172921d1c49ae9f44a430848e7) Importer(815301076,1909f56bfc062723c751e8b465ee728b)
Start importing Assets/Recuperatorio Gino Piccolo.unity using Guid(53abe2172921d1c49ae9f44a430848e7) Importer(815301076,1909f56bfc062723c751e8b465ee728b)  -> (artifact id: 'b0c1d2f20ff6d761928ac508aad2552d') in 0.007064 seconds
  Import took 0.011722 seconds .

========================================================================
Received Prepare
Registering precompiled user dll's ...
Registered in 0.001064 seconds.
Begin MonoManager ReloadAssembly
Native extension for WindowsStandalone target not found
Refreshing native plugins compatible for Editor in 0.39 ms, found 1 plugins.
Preloading 0 native plugins for Editor in 0.00 ms.
Mono: successfully reloaded assembly
- Completed reload, in  1.245 seconds
Platform modules already initialized, skipping
Refreshing native plugins compatible for Editor in 0.36 ms, found 1 plugins.
Preloading 0 native plugins for Editor in 0.00 ms.
Unloading 1810 Unused Serialized files (Serialized files now loaded: 0)
System memory in use before: 85.7 MB.
System memory in use after: 85.8 MB.

Unloading 11 unused Assets to reduce memory usage. Loaded Objects now: 2265.
Total: 2.604500 ms (FindLiveObjects: 0.256600 ms CreateObjectMapping: 0.163500 ms MarkObjects: 2.072500 ms  DeleteObjects: 0.110400 ms)

========================================================================
Received Prepare
Registering precompiled user dll's ...
Registered in 0.001047 seconds.
Begin MonoManager ReloadAssembly
Native extension for WindowsStandalone target not found
Refreshing native plugins compatible for Editor in 4.00 ms, found 1 plugins.
Preloading 0 native plugins for Editor in 0.00 ms.
Mono: successfully reloaded assembly
- Completed reload, in  1.288 seconds
Platform modules already initialized, skipping
Refreshing native plugins compatible for Editor in 0.39 ms, found 1 plugins.
Preloading 0 native plugins for Editor in 0.00 ms.
Unloading 1810 Unused Serialized files (Serialized files now loaded: 0)
System memory in use before: 85.8 MB.
System memory in use after: 85.8 MB.

Unloading 11 unused Assets to reduce memory usage. Loaded Objects now: 2269.
Total: 2.270500 ms (FindLiveObjects: 0.217100 ms CreateObjectMapping: 0.084300 ms MarkObjects: 1.866500 ms  DeleteObjects: 0.101100 ms)

========================================================================
Received Prepare
Registering precompiled user dll's ...
Registered in 0.001774 seconds.
Begin MonoManager ReloadAssembly
Native extension for WindowsStandalone target not found
Refreshing native plugins compatible for Editor in 0.40 ms, found 1 plugins.
Preloading 0 native plugins for Editor in 0.00 ms.
Mono: successfully reloaded assembly
- Completed reload, in  1.116 seconds
Platform modules already initialized, skipping
Refreshing native plugins compatible for Editor in 0.34 ms, found 1 plugins.
Preloading 0 native plugins for Editor in 0.00 ms.
Unloading 1810 Unused Serialized files (Serialized files now loaded: 0)
System memory in use before: 85.8 MB.
System memory in use after: 85.8 MB.

Unloading 11 unused Assets to reduce memory usage. Loaded Objects now: 2273.
Total: 2.494400 ms (FindLiveObjects: 0.298500 ms CreateObjectMapping: 0.121300 ms MarkObjects: 1.973100 ms  DeleteObjects: 0.100100 ms)

========================================================================
Received Import Request.
  Time since last request: 1012.815247 seconds.
  path: Assets/Scenes/Victory.unity
  artifactKey: Guid(28e56dd247b07524a83782073dfe6fe4) Importer(815301076,1909f56bfc062723c751e8b465ee728b)
Start importing Assets/Scenes/Victory.unity using Guid(28e56dd247b07524a83782073dfe6fe4) Importer(815301076,1909f56bfc062723c751e8b465ee728b)  -> (artifact id: '2af7b62de5f4cefc66f10b05abd6b6f4') in 0.017863 seconds
  Import took 0.021752 seconds .

========================================================================
Received Import Request.
  Time since last request: 1.049624 seconds.
  path: Assets/Scenes/MainMenu.unity
  artifactKey: Guid(9f58f7442e1cc884ca903e0155bf8c0b) Importer(815301076,1909f56bfc062723c751e8b465ee728b)
Start importing Assets/Scenes/MainMenu.unity using Guid(9f58f7442e1cc884ca903e0155bf8c0b) Importer(815301076,1909f56bfc062723c751e8b465ee728b)  -> (artifact id: '95435a9c42a542db070c852d23cb0c9d') in 0.008073 seconds
  Import took 0.012890 seconds .

========================================================================
Received Import Request.
  Time since last request: 0.327222 seconds.
  path: Assets/Scenes/MainLevel.unity
  artifactKey: Guid(50378a7dd9a1e974bb3f3a9204318f38) Importer(815301076,1909f56bfc062723c751e8b465ee728b)
Start importing Assets/Scenes/MainLevel.unity using Guid(50378a7dd9a1e974bb3f3a9204318f38) Importer(815301076,1909f56bfc062723c751e8b465ee728b)  -> (artifact id: 'ce1fadc00568516427faf28a7cad2277') in 0.004161 seconds
  Import took 0.007862 seconds .

========================================================================
Received Import Request.
  Time since last request: 45.901418 seconds.
  path: Assets/Scripts/StartGame.cs
  artifactKey: Guid(c3a9ae8cb06a70e459d3c1f27f2fa411) Importer(815301076,1909f56bfc062723c751e8b465ee728b)
Start importing Assets/Scripts/StartGame.cs using Guid(c3a9ae8cb06a70e459d3c1f27f2fa411) Importer(815301076,1909f56bfc062723c751e8b465ee728b)  -> (artifact id: '7ff8fafc151c9d3bc9810b9e9feb040b') in 0.012889 seconds
  Import took 0.016802 seconds .

========================================================================
Received Prepare
Registering precompiled user dll's ...
Registered in 0.001756 seconds.
Begin MonoManager ReloadAssembly
Native extension for WindowsStandalone target not found
Refreshing native plugins compatible for Editor in 0.47 ms, found 1 plugins.
Preloading 0 native plugins for Editor in 0.00 ms.
Mono: successfully reloaded assembly
- Completed reload, in  1.058 seconds
Platform modules already initialized, skipping
Refreshing native plugins compatible for Editor in 0.36 ms, found 1 plugins.
Preloading 0 native plugins for Editor in 0.00 ms.
Unloading 1811 Unused Serialized files (Serialized files now loaded: 0)
System memory in use before: 85.8 MB.
System memory in use after: 85.8 MB.

Unloading 11 unused Assets to reduce memory usage. Loaded Objects now: 2278.
Total: 2.863000 ms (FindLiveObjects: 0.299400 ms CreateObjectMapping: 0.108200 ms MarkObjects: 2.348300 ms  DeleteObjects: 0.105700 ms)

========================================================================
Received Prepare
Registering precompiled user dll's ...
Registered in 0.001192 seconds.
Begin MonoManager ReloadAssembly
Native extension for WindowsStandalone target not found
Refreshing native plugins compatible for Editor in 0.40 ms, found 1 plugins.
Preloading 0 native plugins for Editor in 0.00 ms.
Mono: successfully reloaded assembly
- Completed reload, in  0.961 seconds
Platform modules already initialized, skipping
Refreshing native plugins compatible for Editor in 0.56 ms, found 1 plugins.
Preloading 0 native plugins for Editor in 0.00 ms.
Unloading 1810 Unused Serialized files (Serialized files now loaded: 0)
System memory in use before: 85.8 MB.
System memory in use after: 85.8 MB.

Unloading 12 unused Assets to reduce memory usage. Loaded Objects now: 2281.
Total: 2.396600 ms (FindLiveObjects: 0.210100 ms CreateObjectMapping: 0.084600 ms MarkObjects: 2.009500 ms  DeleteObjects: 0.091000 ms)

========================================================================
Received Prepare
Registering precompiled user dll's ...
Registered in 0.001098 seconds.
Begin MonoManager ReloadAssembly
Native extension for WindowsStandalone target not found
Refreshing native plugins compatible for Editor in 0.36 ms, found 1 plugins.
Preloading 0 native plugins for Editor in 0.00 ms.
Mono: successfully reloaded assembly
- Completed reload, in  1.255 seconds
Platform modules already initialized, skipping
Refreshing native plugins compatible for Editor in 0.40 ms, found 1 plugins.
Preloading 0 native plugins for Editor in 0.00 ms.
Unloading 1810 Unused Serialized files (Serialized files now loaded: 0)
System memory in use before: 85.8 MB.
System memory in use after: 85.8 MB.

Unloading 11 unused Assets to reduce memory usage. Loaded Objects now: 2285.
Total: 2.283800 ms (FindLiveObjects: 0.306400 ms CreateObjectMapping: 0.124700 ms MarkObjects: 1.743200 ms  DeleteObjects: 0.108100 ms)

========================================================================
Received Prepare
Registering precompiled user dll's ...
Registered in 0.001197 seconds.
Begin MonoManager ReloadAssembly
Native extension for WindowsStandalone target not found
Refreshing native plugins compatible for Editor in 0.74 ms, found 1 plugins.
Preloading 0 native plugins for Editor in 0.00 ms.
Mono: successfully reloaded assembly
- Completed reload, in  1.274 seconds
Platform modules already initialized, skipping
Refreshing native plugins compatible for Editor in 0.65 ms, found 1 plugins.
Preloading 0 native plugins for Editor in 0.00 ms.
Unloading 1810 Unused Serialized files (Serialized files now loaded: 0)
System memory in use before: 85.8 MB.
System memory in use after: 85.9 MB.

Unloading 11 unused Assets to reduce memory usage. Loaded Objects now: 2289.
Total: 4.110100 ms (FindLiveObjects: 0.460400 ms CreateObjectMapping: 0.153300 ms MarkObjects: 3.337000 ms  DeleteObjects: 0.157200 ms)

========================================================================
Received Prepare
Registering precompiled user dll's ...
Registered in 0.001065 seconds.
Begin MonoManager ReloadAssembly
Native extension for WindowsStandalone target not found
Refreshing native plugins compatible for Editor in 0.38 ms, found 1 plugins.
Preloading 0 native plugins for Editor in 0.00 ms.
Mono: successfully reloaded assembly
- Completed reload, in  1.399 seconds
Platform modules already initialized, skipping
Refreshing native plugins compatible for Editor in 0.42 ms, found 1 plugins.
Preloading 0 native plugins for Editor in 0.00 ms.
Unloading 1810 Unused Serialized files (Serialized files now loaded: 0)
System memory in use before: 85.8 MB.
System memory in use after: 85.9 MB.

Unloading 11 unused Assets to reduce memory usage. Loaded Objects now: 2293.
Total: 2.053000 ms (FindLiveObjects: 0.215000 ms CreateObjectMapping: 0.093800 ms MarkObjects: 1.648500 ms  DeleteObjects: 0.094500 ms)

========================================================================
Received Prepare
Registering precompiled user dll's ...
Registered in 0.001138 seconds.
Begin MonoManager ReloadAssembly
Native extension for WindowsStandalone target not found
Refreshing native plugins compatible for Editor in 0.36 ms, found 1 plugins.
Preloading 0 native plugins for Editor in 0.00 ms.
Mono: successfully reloaded assembly
- Completed reload, in  1.443 seconds
Platform modules already initialized, skipping
Refreshing native plugins compatible for Editor in 0.33 ms, found 1 plugins.
Preloading 0 native plugins for Editor in 0.00 ms.
Unloading 1810 Unused Serialized files (Serialized files now loaded: 0)
System memory in use before: 85.9 MB.
System memory in use after: 85.9 MB.

Unloading 11 unused Assets to reduce memory usage. Loaded Objects now: 2297.
Total: 2.952700 ms (FindLiveObjects: 0.316700 ms CreateObjectMapping: 0.114300 ms MarkObjects: 2.400400 ms  DeleteObjects: 0.119900 ms)

========================================================================
Received Prepare
Registering precompiled user dll's ...
Registered in 0.001219 seconds.
Begin MonoManager ReloadAssembly
Native extension for WindowsStandalone target not found
Refreshing native plugins compatible for Editor in 0.41 ms, found 1 plugins.
Preloading 0 native plugins for Editor in 0.00 ms.
Mono: successfully reloaded assembly
- Completed reload, in  1.351 seconds
Platform modules already initialized, skipping
Refreshing native plugins compatible for Editor in 0.38 ms, found 1 plugins.
Preloading 0 native plugins for Editor in 0.00 ms.
Unloading 1810 Unused Serialized files (Serialized files now loaded: 0)
System memory in use before: 85.9 MB.
System memory in use after: 85.9 MB.

Unloading 11 unused Assets to reduce memory usage. Loaded Objects now: 2301.
Total: 2.517200 ms (FindLiveObjects: 0.230600 ms CreateObjectMapping: 0.243900 ms MarkObjects: 1.940200 ms  DeleteObjects: 0.100900 ms)

========================================================================
Received Prepare
Registering precompiled user dll's ...
Registered in 0.001002 seconds.
Begin MonoManager ReloadAssembly
Native extension for WindowsStandalone target not found
Refreshing native plugins compatible for Editor in 1.56 ms, found 1 plugins.
Preloading 0 native plugins for Editor in 0.00 ms.
Mono: successfully reloaded assembly
- Completed reload, in  1.161 seconds
Platform modules already initialized, skipping
Refreshing native plugins compatible for Editor in 0.39 ms, found 1 plugins.
Preloading 0 native plugins for Editor in 0.00 ms.
Unloading 1810 Unused Serialized files (Serialized files now loaded: 0)
System memory in use before: 85.9 MB.
System memory in use after: 85.9 MB.

Unloading 11 unused Assets to reduce memory usage. Loaded Objects now: 2305.
Total: 2.282600 ms (FindLiveObjects: 0.298200 ms CreateObjectMapping: 0.113200 ms MarkObjects: 1.775900 ms  DeleteObjects: 0.093700 ms)

========================================================================
Received Import Request.
  Time since last request: 502.742803 seconds.
  path: Assets/Scenes/MainMenu.unity
  artifactKey: Guid(9f58f7442e1cc884ca903e0155bf8c0b) Importer(815301076,1909f56bfc062723c751e8b465ee728b)
Start importing Assets/Scenes/MainMenu.unity using Guid(9f58f7442e1cc884ca903e0155bf8c0b) Importer(815301076,1909f56bfc062723c751e8b465ee728b)  -> (artifact id: 'beac152f0415171b64e3265b1e1822e0') in 0.020424 seconds
  Import took 0.023946 seconds .

========================================================================
Received Prepare
Registering precompiled user dll's ...
Registered in 0.001256 seconds.
Begin MonoManager ReloadAssembly
Native extension for WindowsStandalone target not found
Refreshing native plugins compatible for Editor in 0.61 ms, found 1 plugins.
Preloading 0 native plugins for Editor in 0.00 ms.
Mono: successfully reloaded assembly
- Completed reload, in  1.340 seconds
Platform modules already initialized, skipping
Refreshing native plugins compatible for Editor in 0.40 ms, found 1 plugins.
Preloading 0 native plugins for Editor in 0.00 ms.
Unloading 1810 Unused Serialized files (Serialized files now loaded: 0)
System memory in use before: 85.9 MB.
System memory in use after: 85.9 MB.

Unloading 11 unused Assets to reduce memory usage. Loaded Objects now: 2309.
Total: 2.207700 ms (FindLiveObjects: 0.226200 ms CreateObjectMapping: 0.094600 ms MarkObjects: 1.790600 ms  DeleteObjects: 0.095100 ms)

========================================================================
Received Import Request.
  Time since last request: 407.637996 seconds.
  path: Assets/Scripts/LoadMainMenu.cs
  artifactKey: Guid(fe8a701d849e5c54fb2efbd35209be21) Importer(815301076,1909f56bfc062723c751e8b465ee728b)
Start importing Assets/Scripts/LoadMainMenu.cs using Guid(fe8a701d849e5c54fb2efbd35209be21) Importer(815301076,1909f56bfc062723c751e8b465ee728b)  -> (artifact id: '23f132c36bd9c61c438e088d1e39403b') in 0.017740 seconds
  Import took 0.022986 seconds .

========================================================================
Received Prepare
Registering precompiled user dll's ...
Registered in 0.001270 seconds.
Begin MonoManager ReloadAssembly
Native extension for WindowsStandalone target not found
Refreshing native plugins compatible for Editor in 0.38 ms, found 1 plugins.
Preloading 0 native plugins for Editor in 0.00 ms.
Mono: successfully reloaded assembly
- Completed reload, in  1.532 seconds
Platform modules already initialized, skipping
Refreshing native plugins compatible for Editor in 0.41 ms, found 1 plugins.
Preloading 0 native plugins for Editor in 0.00 ms.
Unloading 1811 Unused Serialized files (Serialized files now loaded: 0)
System memory in use before: 85.9 MB.
System memory in use after: 85.9 MB.

Unloading 11 unused Assets to reduce memory usage. Loaded Objects now: 2314.
Total: 2.196000 ms (FindLiveObjects: 0.221000 ms CreateObjectMapping: 0.083500 ms MarkObjects: 1.796400 ms  DeleteObjects: 0.093800 ms)

========================================================================
Received Prepare
Registering precompiled user dll's ...
Registered in 0.002047 seconds.
Begin MonoManager ReloadAssembly
Native extension for WindowsStandalone target not found
Refreshing native plugins compatible for Editor in 0.34 ms, found 1 plugins.
Preloading 0 native plugins for Editor in 0.00 ms.
Mono: successfully reloaded assembly
- Completed reload, in  0.898 seconds
Platform modules already initialized, skipping
Refreshing native plugins compatible for Editor in 0.36 ms, found 1 plugins.
Preloading 0 native plugins for Editor in 0.00 ms.
Unloading 1811 Unused Serialized files (Serialized files now loaded: 0)
System memory in use before: 85.9 MB.
System memory in use after: 85.9 MB.

Unloading 11 unused Assets to reduce memory usage. Loaded Objects now: 2318.
Total: 2.151500 ms (FindLiveObjects: 0.174300 ms CreateObjectMapping: 0.066300 ms MarkObjects: 1.824100 ms  DeleteObjects: 0.085600 ms)

========================================================================
Received Import Request.
  Time since last request: 92.039850 seconds.
  path: Assets/Scripts/LoadMainMenu.cs
  artifactKey: Guid(fe8a701d849e5c54fb2efbd35209be21) Importer(815301076,1909f56bfc062723c751e8b465ee728b)
Start importing Assets/Scripts/LoadMainMenu.cs using Guid(fe8a701d849e5c54fb2efbd35209be21) Importer(815301076,1909f56bfc062723c751e8b465ee728b)  -> (artifact id: '546217252d0741a97709ecea987529f1') in 0.005254 seconds
  Import took 0.008177 seconds .

========================================================================
Received Prepare
Registering precompiled user dll's ...
Registered in 0.001799 seconds.
Begin MonoManager ReloadAssembly
Native extension for WindowsStandalone target not found
Refreshing native plugins compatible for Editor in 0.74 ms, found 1 plugins.
Preloading 0 native plugins for Editor in 0.00 ms.
Mono: successfully reloaded assembly
- Completed reload, in  1.411 seconds
Platform modules already initialized, skipping
Refreshing native plugins compatible for Editor in 0.35 ms, found 1 plugins.
Preloading 0 native plugins for Editor in 0.00 ms.
Unloading 1811 Unused Serialized files (Serialized files now loaded: 0)
System memory in use before: 85.9 MB.
System memory in use after: 85.9 MB.

Unloading 11 unused Assets to reduce memory usage. Loaded Objects now: 2322.
Total: 2.234400 ms (FindLiveObjects: 0.201500 ms CreateObjectMapping: 0.087200 ms MarkObjects: 1.849500 ms  DeleteObjects: 0.094800 ms)

========================================================================
Received Prepare
Registering precompiled user dll's ...
Registered in 0.001155 seconds.
Begin MonoManager ReloadAssembly
Native extension for WindowsStandalone target not found
Refreshing native plugins compatible for Editor in 0.39 ms, found 1 plugins.
Preloading 0 native plugins for Editor in 0.00 ms.
Mono: successfully reloaded assembly
- Completed reload, in  1.136 seconds
Platform modules already initialized, skipping
Refreshing native plugins compatible for Editor in 0.39 ms, found 1 plugins.
Preloading 0 native plugins for Editor in 0.00 ms.
Unloading 1811 Unused Serialized files (Serialized files now loaded: 0)
System memory in use before: 85.9 MB.
System memory in use after: 86.0 MB.

Unloading 11 unused Assets to reduce memory usage. Loaded Objects now: 2326.
Total: 3.399300 ms (FindLiveObjects: 0.334100 ms CreateObjectMapping: 0.129900 ms MarkObjects: 2.833500 ms  DeleteObjects: 0.100000 ms)

========================================================================
Received Prepare
Registering precompiled user dll's ...
Registered in 0.002389 seconds.
Begin MonoManager ReloadAssembly
Native extension for WindowsStandalone target not found
Refreshing native plugins compatible for Editor in 1.05 ms, found 1 plugins.
Preloading 0 native plugins for Editor in 0.00 ms.
Mono: successfully reloaded assembly
- Completed reload, in  1.908 seconds
Platform modules already initialized, skipping
Refreshing native plugins compatible for Editor in 0.45 ms, found 1 plugins.
Preloading 0 native plugins for Editor in 0.00 ms.
Unloading 1811 Unused Serialized files (Serialized files now loaded: 0)
System memory in use before: 85.9 MB.
System memory in use after: 86.0 MB.

Unloading 11 unused Assets to reduce memory usage. Loaded Objects now: 2330.
Total: 14.597500 ms (FindLiveObjects: 3.314600 ms CreateObjectMapping: 0.386000 ms MarkObjects: 10.761700 ms  DeleteObjects: 0.133300 ms)

========================================================================
Received Prepare
Registering precompiled user dll's ...
Registered in 0.001202 seconds.
Begin MonoManager ReloadAssembly
Native extension for WindowsStandalone target not found
Refreshing native plugins compatible for Editor in 0.68 ms, found 1 plugins.
Preloading 0 native plugins for Editor in 0.00 ms.
Mono: successfully reloaded assembly
- Completed reload, in  1.179 seconds
Platform modules already initialized, skipping
Refreshing native plugins compatible for Editor in 0.38 ms, found 1 plugins.
Preloading 0 native plugins for Editor in 0.00 ms.
Unloading 1811 Unused Serialized files (Serialized files now loaded: 0)
System memory in use before: 86.0 MB.
System memory in use after: 86.0 MB.

Unloading 11 unused Assets to reduce memory usage. Loaded Objects now: 2334.
Total: 2.515500 ms (FindLiveObjects: 0.358200 ms CreateObjectMapping: 0.129300 ms MarkObjects: 1.924100 ms  DeleteObjects: 0.102600 ms)

========================================================================
Received Prepare
Registering precompiled user dll's ...
Registered in 0.001161 seconds.
Begin MonoManager ReloadAssembly
Native extension for WindowsStandalone target not found
Refreshing native plugins compatible for Editor in 0.60 ms, found 1 plugins.
Preloading 0 native plugins for Editor in 0.00 ms.
Mono: successfully reloaded assembly
- Completed reload, in  1.418 seconds
Platform modules already initialized, skipping
Refreshing native plugins compatible for Editor in 0.38 ms, found 1 plugins.
Preloading 0 native plugins for Editor in 0.00 ms.
Unloading 1811 Unused Serialized files (Serialized files now loaded: 0)
System memory in use before: 86.0 MB.
System memory in use after: 86.0 MB.

Unloading 11 unused Assets to reduce memory usage. Loaded Objects now: 2338.
Total: 2.311800 ms (FindLiveObjects: 0.282800 ms CreateObjectMapping: 0.098900 ms MarkObjects: 1.840200 ms  DeleteObjects: 0.089000 ms)

========================================================================
Received Prepare
Registering precompiled user dll's ...
Registered in 0.001236 seconds.
Begin MonoManager ReloadAssembly
Native extension for WindowsStandalone target not found
Refreshing native plugins compatible for Editor in 0.41 ms, found 1 plugins.
Preloading 0 native plugins for Editor in 0.00 ms.
Mono: successfully reloaded assembly
- Completed reload, in  1.317 seconds
Platform modules already initialized, skipping
Refreshing native plugins compatible for Editor in 0.33 ms, found 1 plugins.
Preloading 0 native plugins for Editor in 0.00 ms.
Unloading 1811 Unused Serialized files (Serialized files now loaded: 0)
System memory in use before: 86.0 MB.
System memory in use after: 86.0 MB.

Unloading 11 unused Assets to reduce memory usage. Loaded Objects now: 2342.
Total: 2.241000 ms (FindLiveObjects: 0.320300 ms CreateObjectMapping: 0.156400 ms MarkObjects: 1.672300 ms  DeleteObjects: 0.090700 ms)

========================================================================
Received Import Request.
  Time since last request: 475.264846 seconds.
  path: Assets/Scenes/Victory.unity
  artifactKey: Guid(28e56dd247b07524a83782073dfe6fe4) Importer(815301076,1909f56bfc062723c751e8b465ee728b)
Start importing Assets/Scenes/Victory.unity using Guid(28e56dd247b07524a83782073dfe6fe4) Importer(815301076,1909f56bfc062723c751e8b465ee728b)  -> (artifact id: '5ca76c458c63890ee8a028f11281b17c') in 0.021136 seconds
  Import took 0.024718 seconds .

========================================================================
Received Prepare
Registering precompiled user dll's ...
Registered in 0.001113 seconds.
Begin MonoManager ReloadAssembly
Native extension for WindowsStandalone target not found
Refreshing native plugins compatible for Editor in 0.33 ms, found 1 plugins.
Preloading 0 native plugins for Editor in 0.00 ms.
Mono: successfully reloaded assembly
- Completed reload, in  1.020 seconds
Platform modules already initialized, skipping
Refreshing native plugins compatible for Editor in 0.39 ms, found 1 plugins.
Preloading 0 native plugins for Editor in 0.00 ms.
Unloading 1811 Unused Serialized files (Serialized files now loaded: 0)
System memory in use before: 86.0 MB.
System memory in use after: 86.0 MB.

Unloading 11 unused Assets to reduce memory usage. Loaded Objects now: 2346.
Total: 2.170000 ms (FindLiveObjects: 0.203500 ms CreateObjectMapping: 0.081000 ms MarkObjects: 1.790800 ms  DeleteObjects: 0.093300 ms)

========================================================================
Received Import Request.
  Time since last request: 149.396164 seconds.
  path: Assets/Scenes/Victory.unity
  artifactKey: Guid(28e56dd247b07524a83782073dfe6fe4) Importer(815301076,1909f56bfc062723c751e8b465ee728b)
Start importing Assets/Scenes/Victory.unity using Guid(28e56dd247b07524a83782073dfe6fe4) Importer(815301076,1909f56bfc062723c751e8b465ee728b)  -> (artifact id: 'ced6d783d77480f08e837c10121c22e4') in 0.011888 seconds
  Import took 0.014588 seconds .

========================================================================
Received Import Request.
  Time since last request: 0.340229 seconds.
  path: Assets/Scenes/MainMenu.unity
  artifactKey: Guid(9f58f7442e1cc884ca903e0155bf8c0b) Importer(815301076,1909f56bfc062723c751e8b465ee728b)
Start importing Assets/Scenes/MainMenu.unity using Guid(9f58f7442e1cc884ca903e0155bf8c0b) Importer(815301076,1909f56bfc062723c751e8b465ee728b)  -> (artifact id: 'ecb5d47d1802f80c498ee6d49baae80f') in 0.003108 seconds
  Import took 0.005926 seconds .

========================================================================
Received Prepare
Registering precompiled user dll's ...
Registered in 0.001768 seconds.
Begin MonoManager ReloadAssembly
Native extension for WindowsStandalone target not found
Refreshing native plugins compatible for Editor in 0.47 ms, found 1 plugins.
Preloading 0 native plugins for Editor in 0.00 ms.
Mono: successfully reloaded assembly
- Completed reload, in  1.577 seconds
Platform modules already initialized, skipping
Refreshing native plugins compatible for Editor in 0.63 ms, found 1 plugins.
Preloading 0 native plugins for Editor in 0.00 ms.
Unloading 1811 Unused Serialized files (Serialized files now loaded: 0)
System memory in use before: 86.0 MB.
System memory in use after: 86.0 MB.

Unloading 11 unused Assets to reduce memory usage. Loaded Objects now: 2350.
Total: 4.138900 ms (FindLiveObjects: 0.337800 ms CreateObjectMapping: 0.120700 ms MarkObjects: 3.510700 ms  DeleteObjects: 0.167600 ms)

========================================================================
Received Prepare
Registering precompiled user dll's ...
Registered in 0.001468 seconds.
Begin MonoManager ReloadAssembly
Native extension for WindowsStandalone target not found
Refreshing native plugins compatible for Editor in 0.65 ms, found 1 plugins.
Preloading 0 native plugins for Editor in 0.00 ms.
Mono: successfully reloaded assembly
- Completed reload, in  1.215 seconds
Platform modules already initialized, skipping
Refreshing native plugins compatible for Editor in 0.64 ms, found 1 plugins.
Preloading 0 native plugins for Editor in 0.00 ms.
Unloading 1811 Unused Serialized files (Serialized files now loaded: 0)
System memory in use before: 86.0 MB.
System memory in use after: 86.0 MB.

Unloading 11 unused Assets to reduce memory usage. Loaded Objects now: 2354.
Total: 2.653500 ms (FindLiveObjects: 0.341000 ms CreateObjectMapping: 0.103300 ms MarkObjects: 2.100100 ms  DeleteObjects: 0.106500 ms)

========================================================================
Received Import Request.
  Time since last request: 67.155717 seconds.
  path: Assets/Scenes/MainMenu.unity
  artifactKey: Guid(9f58f7442e1cc884ca903e0155bf8c0b) Importer(815301076,1909f56bfc062723c751e8b465ee728b)
Start importing Assets/Scenes/MainMenu.unity using Guid(9f58f7442e1cc884ca903e0155bf8c0b) Importer(815301076,1909f56bfc062723c751e8b465ee728b)  -> (artifact id: '94638f8f01d0cb6cba227914502574ac') in 0.014828 seconds
  Import took 0.017811 seconds .

========================================================================
Received Prepare
Registering precompiled user dll's ...
Registered in 0.001180 seconds.
Begin MonoManager ReloadAssembly
Native extension for WindowsStandalone target not found
Refreshing native plugins compatible for Editor in 0.48 ms, found 1 plugins.
Preloading 0 native plugins for Editor in 0.00 ms.
Mono: successfully reloaded assembly
- Completed reload, in  1.336 seconds
Platform modules already initialized, skipping
Refreshing native plugins compatible for Editor in 0.38 ms, found 1 plugins.
Preloading 0 native plugins for Editor in 0.00 ms.
Unloading 1811 Unused Serialized files (Serialized files now loaded: 0)
System memory in use before: 86.0 MB.
System memory in use after: 86.0 MB.

Unloading 11 unused Assets to reduce memory usage. Loaded Objects now: 2358.
Total: 2.223800 ms (FindLiveObjects: 0.328400 ms CreateObjectMapping: 0.145100 ms MarkObjects: 1.659000 ms  DeleteObjects: 0.090000 ms)

========================================================================
Received Prepare
Registering precompiled user dll's ...
Registered in 0.001719 seconds.
Begin MonoManager ReloadAssembly
Native extension for WindowsStandalone target not found
Refreshing native plugins compatible for Editor in 0.69 ms, found 1 plugins.
Preloading 0 native plugins for Editor in 0.00 ms.
Mono: successfully reloaded assembly
- Completed reload, in  1.650 seconds
Platform modules already initialized, skipping
Refreshing native plugins compatible for Editor in 0.59 ms, found 1 plugins.
Preloading 0 native plugins for Editor in 0.00 ms.
Unloading 1811 Unused Serialized files (Serialized files now loaded: 0)
System memory in use before: 86.0 MB.
System memory in use after: 86.1 MB.

Unloading 11 unused Assets to reduce memory usage. Loaded Objects now: 2362.
Total: 2.215900 ms (FindLiveObjects: 0.200000 ms CreateObjectMapping: 0.084500 ms MarkObjects: 1.831900 ms  DeleteObjects: 0.098200 ms)

========================================================================
Received Import Request.
  Time since last request: 108.257079 seconds.
  path: Assets/Scenes/Victory.unity
  artifactKey: Guid(28e56dd247b07524a83782073dfe6fe4) Importer(815301076,1909f56bfc062723c751e8b465ee728b)
Start importing Assets/Scenes/Victory.unity using Guid(28e56dd247b07524a83782073dfe6fe4) Importer(815301076,1909f56bfc062723c751e8b465ee728b)  -> (artifact id: '73790e82783b04bb10570f91d1cf6ceb') in 0.011754 seconds
  Import took 0.014491 seconds .

========================================================================
Received Prepare
Registering precompiled user dll's ...
Registered in 0.001084 seconds.
Begin MonoManager ReloadAssembly
Native extension for WindowsStandalone target not found
Refreshing native plugins compatible for Editor in 0.35 ms, found 1 plugins.
Preloading 0 native plugins for Editor in 0.00 ms.
Mono: successfully reloaded assembly
- Completed reload, in  1.200 seconds
Platform modules already initialized, skipping
Refreshing native plugins compatible for Editor in 0.65 ms, found 1 plugins.
Preloading 0 native plugins for Editor in 0.00 ms.
Unloading 1811 Unused Serialized files (Serialized files now loaded: 0)
System memory in use before: 86.1 MB.
System memory in use after: 86.1 MB.

Unloading 11 unused Assets to reduce memory usage. Loaded Objects now: 2366.
Total: 3.516100 ms (FindLiveObjects: 0.298100 ms CreateObjectMapping: 0.109600 ms MarkObjects: 2.881800 ms  DeleteObjects: 0.225000 ms)

========================================================================
Received Import Request.
  Time since last request: 26.139621 seconds.
  path: Assets/Scenes/Victory.unity
  artifactKey: Guid(28e56dd247b07524a83782073dfe6fe4) Importer(815301076,1909f56bfc062723c751e8b465ee728b)
Start importing Assets/Scenes/Victory.unity using Guid(28e56dd247b07524a83782073dfe6fe4) Importer(815301076,1909f56bfc062723c751e8b465ee728b)  -> (artifact id: '09e5d9543fb0c4f46c4f4e7909abd636') in 0.017676 seconds
  Import took 0.024535 seconds .

========================================================================
Received Import Request.
  Time since last request: 0.000867 seconds.
  path: Assets/Scenes/Victory.unity
  artifactKey: Guid(28e56dd247b07524a83782073dfe6fe4) Importer(815301076,1909f56bfc062723c751e8b465ee728b)
Start importing Assets/Scenes/Victory.unity using Guid(28e56dd247b07524a83782073dfe6fe4) Importer(815301076,1909f56bfc062723c751e8b465ee728b)  -> (artifact id: '09e5d9543fb0c4f46c4f4e7909abd636') in 0.004775 seconds
  Import took 0.008754 seconds .

========================================================================
Received Import Request.
  Time since last request: 32.819073 seconds.
  path: Assets/Scenes/Victory.unity
  artifactKey: Guid(28e56dd247b07524a83782073dfe6fe4) Importer(815301076,1909f56bfc062723c751e8b465ee728b)
Start importing Assets/Scenes/Victory.unity using Guid(28e56dd247b07524a83782073dfe6fe4) Importer(815301076,1909f56bfc062723c751e8b465ee728b)  -> (artifact id: '029bdf11f9f89a7106a52486597d856a') in 0.003244 seconds
  Import took 0.006101 seconds .

========================================================================
Received Prepare
Registering precompiled user dll's ...
Registered in 0.001574 seconds.
Begin MonoManager ReloadAssembly
Native extension for WindowsStandalone target not found
Refreshing native plugins compatible for Editor in 0.66 ms, found 1 plugins.
Preloading 0 native plugins for Editor in 0.00 ms.
Mono: successfully reloaded assembly
- Completed reload, in  1.710 seconds
Platform modules already initialized, skipping
Refreshing native plugins compatible for Editor in 0.44 ms, found 1 plugins.
Preloading 0 native plugins for Editor in 0.00 ms.
Unloading 1811 Unused Serialized files (Serialized files now loaded: 0)
System memory in use before: 86.1 MB.
System memory in use after: 86.1 MB.

Unloading 11 unused Assets to reduce memory usage. Loaded Objects now: 2370.
Total: 2.358300 ms (FindLiveObjects: 0.345800 ms CreateObjectMapping: 0.130900 ms MarkObjects: 1.790900 ms  DeleteObjects: 0.089300 ms)

========================================================================
Received Import Request.
  Time since last request: 18.738966 seconds.
  path: Assets/Scenes/Victory.unity
  artifactKey: Guid(28e56dd247b07524a83782073dfe6fe4) Importer(815301076,1909f56bfc062723c751e8b465ee728b)
Start importing Assets/Scenes/Victory.unity using Guid(28e56dd247b07524a83782073dfe6fe4) Importer(815301076,1909f56bfc062723c751e8b465ee728b)  -> (artifact id: '005e196649340315806a861075e3a9fe') in 0.017156 seconds
  Import took 0.020802 seconds .

========================================================================
Received Prepare
Registering precompiled user dll's ...
Registered in 0.001904 seconds.
Begin MonoManager ReloadAssembly
Native extension for WindowsStandalone target not found
Refreshing native plugins compatible for Editor in 0.68 ms, found 1 plugins.
Preloading 0 native plugins for Editor in 0.00 ms.
Mono: successfully reloaded assembly
- Completed reload, in  1.212 seconds
Platform modules already initialized, skipping
Refreshing native plugins compatible for Editor in 0.39 ms, found 1 plugins.
Preloading 0 native plugins for Editor in 0.00 ms.
Unloading 1811 Unused Serialized files (Serialized files now loaded: 0)
System memory in use before: 86.1 MB.
System memory in use after: 86.1 MB.

Unloading 11 unused Assets to reduce memory usage. Loaded Objects now: 2374.
Total: 2.416800 ms (FindLiveObjects: 0.353800 ms CreateObjectMapping: 0.100100 ms MarkObjects: 1.863400 ms  DeleteObjects: 0.097700 ms)

========================================================================
Received Import Request.
  Time since last request: 112.203654 seconds.
  path: Assets/Scenes/Victory.unity
  artifactKey: Guid(28e56dd247b07524a83782073dfe6fe4) Importer(815301076,1909f56bfc062723c751e8b465ee728b)
Start importing Assets/Scenes/Victory.unity using Guid(28e56dd247b07524a83782073dfe6fe4) Importer(815301076,1909f56bfc062723c751e8b465ee728b)  -> (artifact id: '8cf5bb2781934e2b6fe5fad6da74900e') in 0.017209 seconds
  Import took 0.022572 seconds .

========================================================================
Received Import Request.
  Time since last request: 0.001425 seconds.
  path: Assets/Scenes/Victory.unity
  artifactKey: Guid(28e56dd247b07524a83782073dfe6fe4) Importer(815301076,1909f56bfc062723c751e8b465ee728b)
Start importing Assets/Scenes/Victory.unity using Guid(28e56dd247b07524a83782073dfe6fe4) Importer(815301076,1909f56bfc062723c751e8b465ee728b)  -> (artifact id: '8cf5bb2781934e2b6fe5fad6da74900e') in 0.003871 seconds
  Import took 0.007506 seconds .

========================================================================
Received Prepare
Registering precompiled user dll's ...
Registered in 0.002322 seconds.
Begin MonoManager ReloadAssembly
Native extension for WindowsStandalone target not found
Refreshing native plugins compatible for Editor in 0.35 ms, found 1 plugins.
Preloading 0 native plugins for Editor in 0.00 ms.
Mono: successfully reloaded assembly
- Completed reload, in  0.930 seconds
Platform modules already initialized, skipping
Refreshing native plugins compatible for Editor in 0.35 ms, found 1 plugins.
Preloading 0 native plugins for Editor in 0.00 ms.
Unloading 1811 Unused Serialized files (Serialized files now loaded: 0)
System memory in use before: 86.1 MB.
System memory in use after: 86.1 MB.

Unloading 11 unused Assets to reduce memory usage. Loaded Objects now: 2378.
Total: 3.333500 ms (FindLiveObjects: 0.495700 ms CreateObjectMapping: 0.271300 ms MarkObjects: 2.435800 ms  DeleteObjects: 0.129100 ms)

========================================================================
Received Prepare
Registering precompiled user dll's ...
Registered in 0.001163 seconds.
Begin MonoManager ReloadAssembly
Native extension for WindowsStandalone target not found
Refreshing native plugins compatible for Editor in 0.40 ms, found 1 plugins.
Preloading 0 native plugins for Editor in 0.00 ms.
Mono: successfully reloaded assembly
- Completed reload, in  1.345 seconds
Platform modules already initialized, skipping
Refreshing native plugins compatible for Editor in 0.33 ms, found 1 plugins.
Preloading 0 native plugins for Editor in 0.00 ms.
Unloading 1811 Unused Serialized files (Serialized files now loaded: 0)
System memory in use before: 86.1 MB.
System memory in use after: 86.1 MB.

Unloading 11 unused Assets to reduce memory usage. Loaded Objects now: 2382.
Total: 2.139400 ms (FindLiveObjects: 0.196600 ms CreateObjectMapping: 0.075900 ms MarkObjects: 1.772800 ms  DeleteObjects: 0.092900 ms)

========================================================================
Received Prepare
Registering precompiled user dll's ...
Registered in 0.001299 seconds.
Begin MonoManager ReloadAssembly
Native extension for WindowsStandalone target not found
Refreshing native plugins compatible for Editor in 0.87 ms, found 1 plugins.
Preloading 0 native plugins for Editor in 0.00 ms.
Mono: successfully reloaded assembly
- Completed reload, in  1.514 seconds
Platform modules already initialized, skipping
Refreshing native plugins compatible for Editor in 0.39 ms, found 1 plugins.
Preloading 0 native plugins for Editor in 0.00 ms.
Unloading 1811 Unused Serialized files (Serialized files now loaded: 0)
System memory in use before: 86.1 MB.
System memory in use after: 86.2 MB.

Unloading 11 unused Assets to reduce memory usage. Loaded Objects now: 2386.
Total: 2.264500 ms (FindLiveObjects: 0.322600 ms CreateObjectMapping: 0.126000 ms MarkObjects: 1.719700 ms  DeleteObjects: 0.094900 ms)

========================================================================
Received Prepare
Registering precompiled user dll's ...
Registered in 0.001138 seconds.
Begin MonoManager ReloadAssembly
Native extension for WindowsStandalone target not found
Refreshing native plugins compatible for Editor in 0.77 ms, found 1 plugins.
Preloading 0 native plugins for Editor in 0.00 ms.
Mono: successfully reloaded assembly
- Completed reload, in  1.539 seconds
Platform modules already initialized, skipping
Refreshing native plugins compatible for Editor in 0.37 ms, found 1 plugins.
Preloading 0 native plugins for Editor in 0.00 ms.
Unloading 1811 Unused Serialized files (Serialized files now loaded: 0)
System memory in use before: 86.1 MB.
System memory in use after: 86.2 MB.

Unloading 11 unused Assets to reduce memory usage. Loaded Objects now: 2390.
Total: 2.133500 ms (FindLiveObjects: 0.207400 ms CreateObjectMapping: 0.085000 ms MarkObjects: 1.750700 ms  DeleteObjects: 0.089300 ms)

========================================================================
Received Prepare
Registering precompiled user dll's ...
Registered in 0.001279 seconds.
Begin MonoManager ReloadAssembly
Native extension for WindowsStandalone target not found
Refreshing native plugins compatible for Editor in 0.64 ms, found 1 plugins.
Preloading 0 native plugins for Editor in 0.00 ms.
Mono: successfully reloaded assembly
- Completed reload, in  1.361 seconds
Platform modules already initialized, skipping
Refreshing native plugins compatible for Editor in 0.72 ms, found 1 plugins.
Preloading 0 native plugins for Editor in 0.00 ms.
Unloading 1811 Unused Serialized files (Serialized files now loaded: 0)
System memory in use before: 86.1 MB.
System memory in use after: 86.2 MB.

Unloading 11 unused Assets to reduce memory usage. Loaded Objects now: 2394.
Total: 2.551500 ms (FindLiveObjects: 0.373100 ms CreateObjectMapping: 0.131400 ms MarkObjects: 1.947500 ms  DeleteObjects: 0.098000 ms)

========================================================================
Received Import Request.
  Time since last request: 507.027342 seconds.
  path: Assets/Scripts/PlayerMoveScript.cs
  artifactKey: Guid(21347c3823aeba141948d75b72f01661) Importer(815301076,1909f56bfc062723c751e8b465ee728b)
Start importing Assets/Scripts/PlayerMoveScript.cs using Guid(21347c3823aeba141948d75b72f01661) Importer(815301076,1909f56bfc062723c751e8b465ee728b)  -> (artifact id: '3b6ff2e0d48b488812475cf992d43df7') in 0.011243 seconds
  Import took 0.014465 seconds .

========================================================================
Received Import Request.
  Time since last request: 0.035138 seconds.
  path: Assets/Scripts/PlayerMoveScript.cs
  artifactKey: Guid(21347c3823aeba141948d75b72f01661) Importer(815301076,1909f56bfc062723c751e8b465ee728b)
Start importing Assets/Scripts/PlayerMoveScript.cs using Guid(21347c3823aeba141948d75b72f01661) Importer(815301076,1909f56bfc062723c751e8b465ee728b)  -> (artifact id: '3b6ff2e0d48b488812475cf992d43df7') in 0.005469 seconds
  Import took 0.009744 seconds .

========================================================================
Received Prepare
Registering precompiled user dll's ...
Registered in 0.001146 seconds.
Begin MonoManager ReloadAssembly
Native extension for WindowsStandalone target not found
Refreshing native plugins compatible for Editor in 0.36 ms, found 1 plugins.
Preloading 0 native plugins for Editor in 0.00 ms.
Mono: successfully reloaded assembly
- Completed reload, in  1.300 seconds
Platform modules already initialized, skipping
Refreshing native plugins compatible for Editor in 0.37 ms, found 1 plugins.
Preloading 0 native plugins for Editor in 0.00 ms.
Unloading 1811 Unused Serialized files (Serialized files now loaded: 0)
System memory in use before: 86.2 MB.
System memory in use after: 86.2 MB.

Unloading 11 unused Assets to reduce memory usage. Loaded Objects now: 2398.
Total: 2.814500 ms (FindLiveObjects: 0.224700 ms CreateObjectMapping: 0.088600 ms MarkObjects: 2.334500 ms  DeleteObjects: 0.165200 ms)

========================================================================
Received Import Request.
  Time since last request: 101.534760 seconds.
  path: Assets/Scripts/PlayerMoveScript.cs
  artifactKey: Guid(21347c3823aeba141948d75b72f01661) Importer(815301076,1909f56bfc062723c751e8b465ee728b)
Start importing Assets/Scripts/PlayerMoveScript.cs using Guid(21347c3823aeba141948d75b72f01661) Importer(815301076,1909f56bfc062723c751e8b465ee728b)  -> (artifact id: '15d41c783ea341946fb03e66b717a1ff') in 0.008099 seconds
  Import took 0.011787 seconds .

========================================================================
Received Import Request.
  Time since last request: 37.649338 seconds.
  path: Assets/Scenes/Victory.unity
  artifactKey: Guid(28e56dd247b07524a83782073dfe6fe4) Importer(815301076,1909f56bfc062723c751e8b465ee728b)
Start importing Assets/Scenes/Victory.unity using Guid(28e56dd247b07524a83782073dfe6fe4) Importer(815301076,1909f56bfc062723c751e8b465ee728b)  -> (artifact id: 'd08fe4b1fe78dc09f627d5153948dc8d') in 0.009957 seconds
  Import took 0.013325 seconds .

========================================================================
Received Import Request.
  Time since last request: 0.006115 seconds.
  path: Assets/Scenes/Victory.unity
  artifactKey: Guid(28e56dd247b07524a83782073dfe6fe4) Importer(815301076,1909f56bfc062723c751e8b465ee728b)
Start importing Assets/Scenes/Victory.unity using Guid(28e56dd247b07524a83782073dfe6fe4) Importer(815301076,1909f56bfc062723c751e8b465ee728b)  -> (artifact id: 'd08fe4b1fe78dc09f627d5153948dc8d') in 0.003978 seconds
  Import took 0.007559 seconds .

========================================================================
Received Prepare
Registering precompiled user dll's ...
Registered in 0.001662 seconds.
Begin MonoManager ReloadAssembly
Native extension for WindowsStandalone target not found
Refreshing native plugins compatible for Editor in 0.40 ms, found 1 plugins.
Preloading 0 native plugins for Editor in 0.00 ms.
Mono: successfully reloaded assembly
- Completed reload, in  0.975 seconds
Platform modules already initialized, skipping
Refreshing native plugins compatible for Editor in 0.39 ms, found 1 plugins.
Preloading 0 native plugins for Editor in 0.00 ms.
Unloading 1811 Unused Serialized files (Serialized files now loaded: 0)
System memory in use before: 86.2 MB.
System memory in use after: 86.2 MB.

Unloading 11 unused Assets to reduce memory usage. Loaded Objects now: 2402.
Total: 3.575600 ms (FindLiveObjects: 0.520300 ms CreateObjectMapping: 0.120700 ms MarkObjects: 2.815300 ms  DeleteObjects: 0.117400 ms)

========================================================================
Received Prepare
Registering precompiled user dll's ...
Registered in 0.001017 seconds.
Begin MonoManager ReloadAssembly
Native extension for WindowsStandalone target not found
Refreshing native plugins compatible for Editor in 0.42 ms, found 1 plugins.
Preloading 0 native plugins for Editor in 0.00 ms.
Mono: successfully reloaded assembly
- Completed reload, in  1.350 seconds
Platform modules already initialized, skipping
Refreshing native plugins compatible for Editor in 0.68 ms, found 1 plugins.
Preloading 0 native plugins for Editor in 0.00 ms.
Unloading 1811 Unused Serialized files (Serialized files now loaded: 0)
System memory in use before: 86.2 MB.
System memory in use after: 86.2 MB.

Unloading 11 unused Assets to reduce memory usage. Loaded Objects now: 2406.
Total: 2.312300 ms (FindLiveObjects: 0.374700 ms CreateObjectMapping: 0.107100 ms MarkObjects: 1.733000 ms  DeleteObjects: 0.095900 ms)

========================================================================
Received Prepare
Registering precompiled user dll's ...
Registered in 0.001048 seconds.
Begin MonoManager ReloadAssembly
Native extension for WindowsStandalone target not found
Refreshing native plugins compatible for Editor in 0.67 ms, found 1 plugins.
Preloading 0 native plugins for Editor in 0.00 ms.
Mono: successfully reloaded assembly
- Completed reload, in  1.134 seconds
Platform modules already initialized, skipping
Refreshing native plugins compatible for Editor in 0.69 ms, found 1 plugins.
Preloading 0 native plugins for Editor in 0.00 ms.
Unloading 1811 Unused Serialized files (Serialized files now loaded: 0)
System memory in use before: 86.2 MB.
System memory in use after: 86.2 MB.

Unloading 11 unused Assets to reduce memory usage. Loaded Objects now: 2410.
Total: 3.492600 ms (FindLiveObjects: 0.339700 ms CreateObjectMapping: 0.138400 ms MarkObjects: 2.859600 ms  DeleteObjects: 0.152800 ms)

========================================================================
Received Prepare
Registering precompiled user dll's ...
Registered in 0.001092 seconds.
Begin MonoManager ReloadAssembly
Native extension for WindowsStandalone target not found
Refreshing native plugins compatible for Editor in 0.33 ms, found 1 plugins.
Preloading 0 native plugins for Editor in 0.00 ms.
Mono: successfully reloaded assembly
- Completed reload, in  0.905 seconds
Platform modules already initialized, skipping
Refreshing native plugins compatible for Editor in 0.40 ms, found 1 plugins.
Preloading 0 native plugins for Editor in 0.00 ms.
Unloading 1811 Unused Serialized files (Serialized files now loaded: 0)
System memory in use before: 86.2 MB.
System memory in use after: 86.2 MB.

Unloading 11 unused Assets to reduce memory usage. Loaded Objects now: 2414.
Total: 3.337200 ms (FindLiveObjects: 0.335800 ms CreateObjectMapping: 0.141400 ms MarkObjects: 2.717000 ms  DeleteObjects: 0.140900 ms)

AssetImportWorkerClient::OnTransportError - code=2 error=End of file
